2020-08-21 21:19:24,755:INFO:PyCaret Classification Module
2020-08-21 21:19:24,755:INFO:version 2.0
2020-08-21 21:19:24,755:INFO:Initializing setup()
2020-08-21 21:19:24,756:INFO:USI: 7567
2020-08-21 21:19:24,756:INFO:setup(data=(89392, 187), target=zeroBalCode, train_size=0.7, sampling=True, sample_estimator=None, categorical_features=None, categorical_imputation=constant, ordinal_features=None,
                    high_cardinality_features=None, high_cardinality_method=frequency, numeric_features=None, numeric_imputation=mean, date_features=None, ignore_features=None, normalize=False,
                    normalize_method=zscore, transformation=False, transformation_method=yeo-johnson, handle_unknown_categorical=True, unknown_categorical_method=least_frequent, pca=False, pca_method=linear,
                    pca_components=None, ignore_low_variance=False, combine_rare_levels=False, rare_level_threshold=0.1, bin_numeric_features=None, remove_outliers=False, outliers_threshold=0.05,
                    remove_multicollinearity=False, multicollinearity_threshold=0.9, remove_perfect_collinearity=False, create_clusters=False, cluster_iter=20,
                    polynomial_features=False, polynomial_degree=2, trigonometry_features=False, polynomial_threshold=0.1, group_features=None,
                    group_names=None, feature_selection=False, feature_selection_threshold=0.8, feature_interaction=False, feature_ratio=False, interaction_threshold=0.01,
                    fix_imbalance=False, fix_imbalance_method=None, data_split_shuffle=True, folds_shuffle=False, n_jobs=-1, html=True, session_id=None, log_experiment=False,
                    experiment_name=None, log_plots=False, log_profile=False, log_data=False, silent=False, verbose=True, profile=False)
2020-08-21 21:19:24,756:INFO:Checking environment
2020-08-21 21:19:24,756:INFO:python_version: 3.6.10
2020-08-21 21:19:24,756:INFO:python_build: ('default', 'May  7 2020 19:46:08')
2020-08-21 21:19:24,757:INFO:machine: AMD64
2020-08-21 21:19:24,757:INFO:platform: Windows-10-10.0.18362-SP0
2020-08-21 21:19:24,758:WARNING:cannot find psutil installation. memory not traceable. Install psutil using pip to enable memory logging. 
2020-08-21 21:19:24,758:INFO:Checking libraries
2020-08-21 21:19:24,758:INFO:pd==1.1.0
2020-08-21 21:19:24,758:INFO:numpy==1.19.1
2020-08-21 21:19:24,758:INFO:sklearn==0.23.2
2020-08-21 21:19:24,799:INFO:xgboost==1.1.1
2020-08-21 21:19:24,865:INFO:lightgbm==2.3.1
2020-08-21 21:19:24,984:INFO:catboost==0.24
2020-08-21 21:19:26,056:INFO:mlflow==1.10.0
2020-08-21 21:19:26,056:INFO:Checking Exceptions
2020-08-21 21:19:26,057:INFO:Preloading libraries
2020-08-21 21:19:26,057:INFO:Preparing display monitor
2020-08-21 21:19:26,070:INFO:Importing libraries
2020-08-21 21:19:28,165:INFO:Copying data for preprocessing
2020-08-21 21:19:28,225:INFO:Declaring global variables
2020-08-21 21:19:28,231:INFO:Declaring preprocessing parameters
2020-08-21 21:19:28,231:INFO:Importing preprocessing module
2020-08-21 21:19:29,576:INFO:Creating preprocessing pipeline
